2024-12-29 20:50:48,608 [INFO] Starting AV conversion script.
2024-12-29 20:50:48,608 [INFO] file path: E:\Filmy\hrané\Komedie\Alvin a Chipmunkove 2 SD.avi
2024-12-29 20:50:48,608 [INFO] workspace path: D:\Files\Projects\AutoCompression\workspace
2024-12-29 20:50:48,609 [INFO] profile path: Profiles\h265_slow_nvenc.yaml
2024-12-29 20:50:48,609 [DEBUG] resolution decode table:
2024-12-29 20:50:48,609 [DEBUG] {854: -10.0, 1280: -0.0001, 1920: -6.9e-05, 3840: -3e-05}
2024-12-29 20:50:48,609 [DEBUG] quality threashold value: 0.57
2024-12-29 20:50:48,609 [DEBUG] Profile values:
2024-12-29 20:50:48,609 [DEBUG] {'video': ['-c:v', 'hevc_nvenc', '-preset', 'slow', '-tune', 'uhq', '-g', '120', '-bf', '4', '-refs', '4', '-spatial-aq', '1', '-temporal-aq', '1', '-aq-strength', '8', '-pix_fmt', 'p010le', '-b:v', '0', '-rc-lookahead', '50', '-fps_mode', 'vfr', '-vf', 'hqdn3d'], 'stereo': ['-c:a', 'libfdk_aac', '-profile:a', 'aac_he_v2', '-vbr', '3', '-ac', '2'], 'audio': ['-c:a', 'libfdk_aac', '-profile:a', 'aac_he', '-vbr', '3', '-ac', '2'], 'test_settings': ['cq_threashold', '0.57', 'res_decode', '{854: -10.0, 1280: -0.0001, 1920: -6.9e-05, 3840: -3e-05}', 'defalut_cq', '26']}
2024-12-29 20:50:48,609 [INFO] Original file is 0.6835079193115234GB
2024-12-29 20:50:48,765 [INFO] Original resolution is 608
2024-12-29 20:50:48,903 [DEBUG] Export frame ffmpeg command
2024-12-29 20:50:48,903 [DEBUG] ['ffmpeg', '-ss', '500', '-i', 'E:\\Filmy\\hrané\\Komedie\\Alvin a Chipmunkove 2 SD.avi', '-frames:v', '1', '-q:v', '2', '-update', '1', '-y', 'D:\\Files\\Projects\\AutoCompression\\workspace\\Alvin a Chipmunkove 2 SD_blackDetection\\1.png']
2024-12-29 20:50:49,089 [DEBUG] Export frame ffmpeg command
2024-12-29 20:50:49,089 [DEBUG] ['ffmpeg', '-ss', '1000', '-i', 'E:\\Filmy\\hrané\\Komedie\\Alvin a Chipmunkove 2 SD.avi', '-frames:v', '1', '-q:v', '2', '-update', '1', '-y', 'D:\\Files\\Projects\\AutoCompression\\workspace\\Alvin a Chipmunkove 2 SD_blackDetection\\2.png']
2024-12-29 20:50:49,270 [DEBUG] Export frame ffmpeg command
2024-12-29 20:50:49,270 [DEBUG] ['ffmpeg', '-ss', '1500', '-i', 'E:\\Filmy\\hrané\\Komedie\\Alvin a Chipmunkove 2 SD.avi', '-frames:v', '1', '-q:v', '2', '-update', '1', '-y', 'D:\\Files\\Projects\\AutoCompression\\workspace\\Alvin a Chipmunkove 2 SD_blackDetection\\3.png']
2024-12-29 20:50:49,442 [DEBUG] Export frame ffmpeg command
2024-12-29 20:50:49,442 [DEBUG] ['ffmpeg', '-ss', '2000', '-i', 'E:\\Filmy\\hrané\\Komedie\\Alvin a Chipmunkove 2 SD.avi', '-frames:v', '1', '-q:v', '2', '-update', '1', '-y', 'D:\\Files\\Projects\\AutoCompression\\workspace\\Alvin a Chipmunkove 2 SD_blackDetection\\4.png']
2024-12-29 20:50:49,609 [DEBUG] Export frame ffmpeg command
2024-12-29 20:50:49,609 [DEBUG] ['ffmpeg', '-ss', '2500', '-i', 'E:\\Filmy\\hrané\\Komedie\\Alvin a Chipmunkove 2 SD.avi', '-frames:v', '1', '-q:v', '2', '-update', '1', '-y', 'D:\\Files\\Projects\\AutoCompression\\workspace\\Alvin a Chipmunkove 2 SD_blackDetection\\5.png']
2024-12-29 20:50:49,786 [DEBUG] Export frame ffmpeg command
2024-12-29 20:50:49,786 [DEBUG] ['ffmpeg', '-ss', '3000', '-i', 'E:\\Filmy\\hrané\\Komedie\\Alvin a Chipmunkove 2 SD.avi', '-frames:v', '1', '-q:v', '2', '-update', '1', '-y', 'D:\\Files\\Projects\\AutoCompression\\workspace\\Alvin a Chipmunkove 2 SD_blackDetection\\6.png']
2024-12-29 20:50:49,961 [DEBUG] Export frame ffmpeg command
2024-12-29 20:50:49,961 [DEBUG] ['ffmpeg', '-ss', '3500', '-i', 'E:\\Filmy\\hrané\\Komedie\\Alvin a Chipmunkove 2 SD.avi', '-frames:v', '1', '-q:v', '2', '-update', '1', '-y', 'D:\\Files\\Projects\\AutoCompression\\workspace\\Alvin a Chipmunkove 2 SD_blackDetection\\7.png']
2024-12-29 20:50:50,130 [DEBUG] Export frame ffmpeg command
2024-12-29 20:50:50,130 [DEBUG] ['ffmpeg', '-ss', '4000', '-i', 'E:\\Filmy\\hrané\\Komedie\\Alvin a Chipmunkove 2 SD.avi', '-frames:v', '1', '-q:v', '2', '-update', '1', '-y', 'D:\\Files\\Projects\\AutoCompression\\workspace\\Alvin a Chipmunkove 2 SD_blackDetection\\8.png']
2024-12-29 20:50:50,295 [DEBUG] Export frame ffmpeg command
2024-12-29 20:50:50,295 [DEBUG] ['ffmpeg', '-ss', '4500', '-i', 'E:\\Filmy\\hrané\\Komedie\\Alvin a Chipmunkove 2 SD.avi', '-frames:v', '1', '-q:v', '2', '-update', '1', '-y', 'D:\\Files\\Projects\\AutoCompression\\workspace\\Alvin a Chipmunkove 2 SD_blackDetection\\9.png']
2024-12-29 20:50:50,477 [DEBUG] Export frame ffmpeg command
2024-12-29 20:50:50,477 [DEBUG] ['ffmpeg', '-ss', '5000', '-i', 'E:\\Filmy\\hrané\\Komedie\\Alvin a Chipmunkove 2 SD.avi', '-frames:v', '1', '-q:v', '2', '-update', '1', '-y', 'D:\\Files\\Projects\\AutoCompression\\workspace\\Alvin a Chipmunkove 2 SD_blackDetection\\10.png']
2024-12-29 20:50:50,645 [INFO] No black bars detected
2024-12-29 20:50:50,778 [DEBUG] Creating test file 1_854_cq1.mp4
2024-12-29 20:50:51,061 [DEBUG] ffmpeg command: ['ffmpeg', '-ss', '262', '-i', 'E:\\Filmy\\hrané\\Komedie\\Alvin a Chipmunkove 2 SD.avi', '-c:v', 'hevc_nvenc', '-preset', 'slow', '-tune', 'uhq', '-g', '120', '-bf', '4', '-refs', '4', '-spatial-aq', '1', '-temporal-aq', '1', '-aq-strength', '8', '-pix_fmt', 'p010le', '-b:v', '0', '-rc-lookahead', '50', '-fps_mode', 'vfr', '-vf', 'hqdn3d,crop=608:336:0:0,scale=854:-2', '-t', '1', '-cq', '1', '-an', '-y', '-sn', 'D:\\Files\\Projects\\AutoCompression\\workspace\\Alvin a Chipmunkove 2 SD_res\\1_854_cq1.mp4']
2024-12-29 20:50:51,706 [DEBUG] Creating test file 1_3840_cq1.mp4
2024-12-29 20:50:51,974 [DEBUG] ffmpeg command: ['ffmpeg', '-ss', '262', '-i', 'E:\\Filmy\\hrané\\Komedie\\Alvin a Chipmunkove 2 SD.avi', '-c:v', 'hevc_nvenc', '-preset', 'slow', '-tune', 'uhq', '-g', '120', '-bf', '4', '-refs', '4', '-spatial-aq', '1', '-temporal-aq', '1', '-aq-strength', '8', '-pix_fmt', 'p010le', '-b:v', '0', '-rc-lookahead', '50', '-fps_mode', 'vfr', '-vf', 'hqdn3d,crop=608:336:0:0,scale=3840:-2', '-t', '1', '-cq', '1', '-an', '-y', '-sn', 'D:\\Files\\Projects\\AutoCompression\\workspace\\Alvin a Chipmunkove 2 SD_res\\1_3840_cq1.mp4']
2024-12-29 20:50:55,134 [DEBUG] Creating test file 2_854_cq1.mp4
2024-12-29 20:50:55,410 [DEBUG] ffmpeg command: ['ffmpeg', '-ss', '524', '-i', 'E:\\Filmy\\hrané\\Komedie\\Alvin a Chipmunkove 2 SD.avi', '-c:v', 'hevc_nvenc', '-preset', 'slow', '-tune', 'uhq', '-g', '120', '-bf', '4', '-refs', '4', '-spatial-aq', '1', '-temporal-aq', '1', '-aq-strength', '8', '-pix_fmt', 'p010le', '-b:v', '0', '-rc-lookahead', '50', '-fps_mode', 'vfr', '-vf', 'hqdn3d,crop=608:336:0:0,scale=854:-2', '-t', '1', '-cq', '1', '-an', '-y', '-sn', 'D:\\Files\\Projects\\AutoCompression\\workspace\\Alvin a Chipmunkove 2 SD_res\\2_854_cq1.mp4']
2024-12-29 20:50:55,992 [DEBUG] Creating test file 2_3840_cq1.mp4
2024-12-29 20:50:56,275 [DEBUG] ffmpeg command: ['ffmpeg', '-ss', '524', '-i', 'E:\\Filmy\\hrané\\Komedie\\Alvin a Chipmunkove 2 SD.avi', '-c:v', 'hevc_nvenc', '-preset', 'slow', '-tune', 'uhq', '-g', '120', '-bf', '4', '-refs', '4', '-spatial-aq', '1', '-temporal-aq', '1', '-aq-strength', '8', '-pix_fmt', 'p010le', '-b:v', '0', '-rc-lookahead', '50', '-fps_mode', 'vfr', '-vf', 'hqdn3d,crop=608:336:0:0,scale=3840:-2', '-t', '1', '-cq', '1', '-an', '-y', '-sn', 'D:\\Files\\Projects\\AutoCompression\\workspace\\Alvin a Chipmunkove 2 SD_res\\2_3840_cq1.mp4']
2024-12-29 20:50:59,369 [DEBUG] Creating test file 3_854_cq1.mp4
2024-12-29 20:50:59,644 [DEBUG] ffmpeg command: ['ffmpeg', '-ss', '786', '-i', 'E:\\Filmy\\hrané\\Komedie\\Alvin a Chipmunkove 2 SD.avi', '-c:v', 'hevc_nvenc', '-preset', 'slow', '-tune', 'uhq', '-g', '120', '-bf', '4', '-refs', '4', '-spatial-aq', '1', '-temporal-aq', '1', '-aq-strength', '8', '-pix_fmt', 'p010le', '-b:v', '0', '-rc-lookahead', '50', '-fps_mode', 'vfr', '-vf', 'hqdn3d,crop=608:336:0:0,scale=854:-2', '-t', '1', '-cq', '1', '-an', '-y', '-sn', 'D:\\Files\\Projects\\AutoCompression\\workspace\\Alvin a Chipmunkove 2 SD_res\\3_854_cq1.mp4']
2024-12-29 20:51:00,221 [DEBUG] Creating test file 3_3840_cq1.mp4
2024-12-29 20:51:00,493 [DEBUG] ffmpeg command: ['ffmpeg', '-ss', '786', '-i', 'E:\\Filmy\\hrané\\Komedie\\Alvin a Chipmunkove 2 SD.avi', '-c:v', 'hevc_nvenc', '-preset', 'slow', '-tune', 'uhq', '-g', '120', '-bf', '4', '-refs', '4', '-spatial-aq', '1', '-temporal-aq', '1', '-aq-strength', '8', '-pix_fmt', 'p010le', '-b:v', '0', '-rc-lookahead', '50', '-fps_mode', 'vfr', '-vf', 'hqdn3d,crop=608:336:0:0,scale=3840:-2', '-t', '1', '-cq', '1', '-an', '-y', '-sn', 'D:\\Files\\Projects\\AutoCompression\\workspace\\Alvin a Chipmunkove 2 SD_res\\3_3840_cq1.mp4']
2024-12-29 20:51:03,561 [DEBUG] Creating test file 4_854_cq1.mp4
2024-12-29 20:51:03,838 [DEBUG] ffmpeg command: ['ffmpeg', '-ss', '1048', '-i', 'E:\\Filmy\\hrané\\Komedie\\Alvin a Chipmunkove 2 SD.avi', '-c:v', 'hevc_nvenc', '-preset', 'slow', '-tune', 'uhq', '-g', '120', '-bf', '4', '-refs', '4', '-spatial-aq', '1', '-temporal-aq', '1', '-aq-strength', '8', '-pix_fmt', 'p010le', '-b:v', '0', '-rc-lookahead', '50', '-fps_mode', 'vfr', '-vf', 'hqdn3d,crop=608:336:0:0,scale=854:-2', '-t', '1', '-cq', '1', '-an', '-y', '-sn', 'D:\\Files\\Projects\\AutoCompression\\workspace\\Alvin a Chipmunkove 2 SD_res\\4_854_cq1.mp4']
2024-12-29 20:51:04,416 [DEBUG] Creating test file 4_3840_cq1.mp4
2024-12-29 20:51:04,688 [DEBUG] ffmpeg command: ['ffmpeg', '-ss', '1048', '-i', 'E:\\Filmy\\hrané\\Komedie\\Alvin a Chipmunkove 2 SD.avi', '-c:v', 'hevc_nvenc', '-preset', 'slow', '-tune', 'uhq', '-g', '120', '-bf', '4', '-refs', '4', '-spatial-aq', '1', '-temporal-aq', '1', '-aq-strength', '8', '-pix_fmt', 'p010le', '-b:v', '0', '-rc-lookahead', '50', '-fps_mode', 'vfr', '-vf', 'hqdn3d,crop=608:336:0:0,scale=3840:-2', '-t', '1', '-cq', '1', '-an', '-y', '-sn', 'D:\\Files\\Projects\\AutoCompression\\workspace\\Alvin a Chipmunkove 2 SD_res\\4_3840_cq1.mp4']
2024-12-29 20:51:07,750 [DEBUG] Creating test file 5_854_cq1.mp4
2024-12-29 20:51:08,041 [DEBUG] ffmpeg command: ['ffmpeg', '-ss', '1310', '-i', 'E:\\Filmy\\hrané\\Komedie\\Alvin a Chipmunkove 2 SD.avi', '-c:v', 'hevc_nvenc', '-preset', 'slow', '-tune', 'uhq', '-g', '120', '-bf', '4', '-refs', '4', '-spatial-aq', '1', '-temporal-aq', '1', '-aq-strength', '8', '-pix_fmt', 'p010le', '-b:v', '0', '-rc-lookahead', '50', '-fps_mode', 'vfr', '-vf', 'hqdn3d,crop=608:336:0:0,scale=854:-2', '-t', '1', '-cq', '1', '-an', '-y', '-sn', 'D:\\Files\\Projects\\AutoCompression\\workspace\\Alvin a Chipmunkove 2 SD_res\\5_854_cq1.mp4']
2024-12-29 20:51:08,604 [DEBUG] Creating test file 5_3840_cq1.mp4
2024-12-29 20:51:08,875 [DEBUG] ffmpeg command: ['ffmpeg', '-ss', '1310', '-i', 'E:\\Filmy\\hrané\\Komedie\\Alvin a Chipmunkove 2 SD.avi', '-c:v', 'hevc_nvenc', '-preset', 'slow', '-tune', 'uhq', '-g', '120', '-bf', '4', '-refs', '4', '-spatial-aq', '1', '-temporal-aq', '1', '-aq-strength', '8', '-pix_fmt', 'p010le', '-b:v', '0', '-rc-lookahead', '50', '-fps_mode', 'vfr', '-vf', 'hqdn3d,crop=608:336:0:0,scale=3840:-2', '-t', '1', '-cq', '1', '-an', '-y', '-sn', 'D:\\Files\\Projects\\AutoCompression\\workspace\\Alvin a Chipmunkove 2 SD_res\\5_3840_cq1.mp4']
2024-12-29 20:51:11,981 [DEBUG] Creating test file 6_854_cq1.mp4
2024-12-29 20:51:12,251 [DEBUG] ffmpeg command: ['ffmpeg', '-ss', '1572', '-i', 'E:\\Filmy\\hrané\\Komedie\\Alvin a Chipmunkove 2 SD.avi', '-c:v', 'hevc_nvenc', '-preset', 'slow', '-tune', 'uhq', '-g', '120', '-bf', '4', '-refs', '4', '-spatial-aq', '1', '-temporal-aq', '1', '-aq-strength', '8', '-pix_fmt', 'p010le', '-b:v', '0', '-rc-lookahead', '50', '-fps_mode', 'vfr', '-vf', 'hqdn3d,crop=608:336:0:0,scale=854:-2', '-t', '1', '-cq', '1', '-an', '-y', '-sn', 'D:\\Files\\Projects\\AutoCompression\\workspace\\Alvin a Chipmunkove 2 SD_res\\6_854_cq1.mp4']
2024-12-29 20:51:12,836 [DEBUG] Creating test file 6_3840_cq1.mp4
2024-12-29 20:51:13,100 [DEBUG] ffmpeg command: ['ffmpeg', '-ss', '1572', '-i', 'E:\\Filmy\\hrané\\Komedie\\Alvin a Chipmunkove 2 SD.avi', '-c:v', 'hevc_nvenc', '-preset', 'slow', '-tune', 'uhq', '-g', '120', '-bf', '4', '-refs', '4', '-spatial-aq', '1', '-temporal-aq', '1', '-aq-strength', '8', '-pix_fmt', 'p010le', '-b:v', '0', '-rc-lookahead', '50', '-fps_mode', 'vfr', '-vf', 'hqdn3d,crop=608:336:0:0,scale=3840:-2', '-t', '1', '-cq', '1', '-an', '-y', '-sn', 'D:\\Files\\Projects\\AutoCompression\\workspace\\Alvin a Chipmunkove 2 SD_res\\6_3840_cq1.mp4']
2024-12-29 20:51:16,179 [DEBUG] Creating test file 7_854_cq1.mp4
2024-12-29 20:51:16,459 [DEBUG] ffmpeg command: ['ffmpeg', '-ss', '1834', '-i', 'E:\\Filmy\\hrané\\Komedie\\Alvin a Chipmunkove 2 SD.avi', '-c:v', 'hevc_nvenc', '-preset', 'slow', '-tune', 'uhq', '-g', '120', '-bf', '4', '-refs', '4', '-spatial-aq', '1', '-temporal-aq', '1', '-aq-strength', '8', '-pix_fmt', 'p010le', '-b:v', '0', '-rc-lookahead', '50', '-fps_mode', 'vfr', '-vf', 'hqdn3d,crop=608:336:0:0,scale=854:-2', '-t', '1', '-cq', '1', '-an', '-y', '-sn', 'D:\\Files\\Projects\\AutoCompression\\workspace\\Alvin a Chipmunkove 2 SD_res\\7_854_cq1.mp4']
2024-12-29 20:51:17,046 [DEBUG] Creating test file 7_3840_cq1.mp4
2024-12-29 20:51:17,328 [DEBUG] ffmpeg command: ['ffmpeg', '-ss', '1834', '-i', 'E:\\Filmy\\hrané\\Komedie\\Alvin a Chipmunkove 2 SD.avi', '-c:v', 'hevc_nvenc', '-preset', 'slow', '-tune', 'uhq', '-g', '120', '-bf', '4', '-refs', '4', '-spatial-aq', '1', '-temporal-aq', '1', '-aq-strength', '8', '-pix_fmt', 'p010le', '-b:v', '0', '-rc-lookahead', '50', '-fps_mode', 'vfr', '-vf', 'hqdn3d,crop=608:336:0:0,scale=3840:-2', '-t', '1', '-cq', '1', '-an', '-y', '-sn', 'D:\\Files\\Projects\\AutoCompression\\workspace\\Alvin a Chipmunkove 2 SD_res\\7_3840_cq1.mp4']
2024-12-29 20:51:20,393 [DEBUG] Creating test file 8_854_cq1.mp4
2024-12-29 20:51:20,677 [DEBUG] ffmpeg command: ['ffmpeg', '-ss', '2096', '-i', 'E:\\Filmy\\hrané\\Komedie\\Alvin a Chipmunkove 2 SD.avi', '-c:v', 'hevc_nvenc', '-preset', 'slow', '-tune', 'uhq', '-g', '120', '-bf', '4', '-refs', '4', '-spatial-aq', '1', '-temporal-aq', '1', '-aq-strength', '8', '-pix_fmt', 'p010le', '-b:v', '0', '-rc-lookahead', '50', '-fps_mode', 'vfr', '-vf', 'hqdn3d,crop=608:336:0:0,scale=854:-2', '-t', '1', '-cq', '1', '-an', '-y', '-sn', 'D:\\Files\\Projects\\AutoCompression\\workspace\\Alvin a Chipmunkove 2 SD_res\\8_854_cq1.mp4']
2024-12-29 20:51:21,250 [DEBUG] Creating test file 8_3840_cq1.mp4
2024-12-29 20:51:21,506 [DEBUG] ffmpeg command: ['ffmpeg', '-ss', '2096', '-i', 'E:\\Filmy\\hrané\\Komedie\\Alvin a Chipmunkove 2 SD.avi', '-c:v', 'hevc_nvenc', '-preset', 'slow', '-tune', 'uhq', '-g', '120', '-bf', '4', '-refs', '4', '-spatial-aq', '1', '-temporal-aq', '1', '-aq-strength', '8', '-pix_fmt', 'p010le', '-b:v', '0', '-rc-lookahead', '50', '-fps_mode', 'vfr', '-vf', 'hqdn3d,crop=608:336:0:0,scale=3840:-2', '-t', '1', '-cq', '1', '-an', '-y', '-sn', 'D:\\Files\\Projects\\AutoCompression\\workspace\\Alvin a Chipmunkove 2 SD_res\\8_3840_cq1.mp4']
2024-12-29 20:51:24,582 [DEBUG] Creating test file 9_854_cq1.mp4
2024-12-29 20:51:24,876 [DEBUG] ffmpeg command: ['ffmpeg', '-ss', '2358', '-i', 'E:\\Filmy\\hrané\\Komedie\\Alvin a Chipmunkove 2 SD.avi', '-c:v', 'hevc_nvenc', '-preset', 'slow', '-tune', 'uhq', '-g', '120', '-bf', '4', '-refs', '4', '-spatial-aq', '1', '-temporal-aq', '1', '-aq-strength', '8', '-pix_fmt', 'p010le', '-b:v', '0', '-rc-lookahead', '50', '-fps_mode', 'vfr', '-vf', 'hqdn3d,crop=608:336:0:0,scale=854:-2', '-t', '1', '-cq', '1', '-an', '-y', '-sn', 'D:\\Files\\Projects\\AutoCompression\\workspace\\Alvin a Chipmunkove 2 SD_res\\9_854_cq1.mp4']
2024-12-29 20:51:25,486 [DEBUG] Creating test file 9_3840_cq1.mp4
2024-12-29 20:51:25,759 [DEBUG] ffmpeg command: ['ffmpeg', '-ss', '2358', '-i', 'E:\\Filmy\\hrané\\Komedie\\Alvin a Chipmunkove 2 SD.avi', '-c:v', 'hevc_nvenc', '-preset', 'slow', '-tune', 'uhq', '-g', '120', '-bf', '4', '-refs', '4', '-spatial-aq', '1', '-temporal-aq', '1', '-aq-strength', '8', '-pix_fmt', 'p010le', '-b:v', '0', '-rc-lookahead', '50', '-fps_mode', 'vfr', '-vf', 'hqdn3d,crop=608:336:0:0,scale=3840:-2', '-t', '1', '-cq', '1', '-an', '-y', '-sn', 'D:\\Files\\Projects\\AutoCompression\\workspace\\Alvin a Chipmunkove 2 SD_res\\9_3840_cq1.mp4']
2024-12-29 20:51:28,862 [DEBUG] Creating test file 10_854_cq1.mp4
2024-12-29 20:51:29,142 [DEBUG] ffmpeg command: ['ffmpeg', '-ss', '2620', '-i', 'E:\\Filmy\\hrané\\Komedie\\Alvin a Chipmunkove 2 SD.avi', '-c:v', 'hevc_nvenc', '-preset', 'slow', '-tune', 'uhq', '-g', '120', '-bf', '4', '-refs', '4', '-spatial-aq', '1', '-temporal-aq', '1', '-aq-strength', '8', '-pix_fmt', 'p010le', '-b:v', '0', '-rc-lookahead', '50', '-fps_mode', 'vfr', '-vf', 'hqdn3d,crop=608:336:0:0,scale=854:-2', '-t', '1', '-cq', '1', '-an', '-y', '-sn', 'D:\\Files\\Projects\\AutoCompression\\workspace\\Alvin a Chipmunkove 2 SD_res\\10_854_cq1.mp4']
2024-12-29 20:51:29,722 [DEBUG] Creating test file 10_3840_cq1.mp4
2024-12-29 20:51:29,994 [DEBUG] ffmpeg command: ['ffmpeg', '-ss', '2620', '-i', 'E:\\Filmy\\hrané\\Komedie\\Alvin a Chipmunkove 2 SD.avi', '-c:v', 'hevc_nvenc', '-preset', 'slow', '-tune', 'uhq', '-g', '120', '-bf', '4', '-refs', '4', '-spatial-aq', '1', '-temporal-aq', '1', '-aq-strength', '8', '-pix_fmt', 'p010le', '-b:v', '0', '-rc-lookahead', '50', '-fps_mode', 'vfr', '-vf', 'hqdn3d,crop=608:336:0:0,scale=3840:-2', '-t', '1', '-cq', '1', '-an', '-y', '-sn', 'D:\\Files\\Projects\\AutoCompression\\workspace\\Alvin a Chipmunkove 2 SD_res\\10_3840_cq1.mp4']
2024-12-29 20:51:33,034 [DEBUG] Creating test file 11_854_cq1.mp4
2024-12-29 20:51:33,304 [DEBUG] ffmpeg command: ['ffmpeg', '-ss', '2882', '-i', 'E:\\Filmy\\hrané\\Komedie\\Alvin a Chipmunkove 2 SD.avi', '-c:v', 'hevc_nvenc', '-preset', 'slow', '-tune', 'uhq', '-g', '120', '-bf', '4', '-refs', '4', '-spatial-aq', '1', '-temporal-aq', '1', '-aq-strength', '8', '-pix_fmt', 'p010le', '-b:v', '0', '-rc-lookahead', '50', '-fps_mode', 'vfr', '-vf', 'hqdn3d,crop=608:336:0:0,scale=854:-2', '-t', '1', '-cq', '1', '-an', '-y', '-sn', 'D:\\Files\\Projects\\AutoCompression\\workspace\\Alvin a Chipmunkove 2 SD_res\\11_854_cq1.mp4']
2024-12-29 20:51:33,874 [DEBUG] Creating test file 11_3840_cq1.mp4
2024-12-29 20:51:34,156 [DEBUG] ffmpeg command: ['ffmpeg', '-ss', '2882', '-i', 'E:\\Filmy\\hrané\\Komedie\\Alvin a Chipmunkove 2 SD.avi', '-c:v', 'hevc_nvenc', '-preset', 'slow', '-tune', 'uhq', '-g', '120', '-bf', '4', '-refs', '4', '-spatial-aq', '1', '-temporal-aq', '1', '-aq-strength', '8', '-pix_fmt', 'p010le', '-b:v', '0', '-rc-lookahead', '50', '-fps_mode', 'vfr', '-vf', 'hqdn3d,crop=608:336:0:0,scale=3840:-2', '-t', '1', '-cq', '1', '-an', '-y', '-sn', 'D:\\Files\\Projects\\AutoCompression\\workspace\\Alvin a Chipmunkove 2 SD_res\\11_3840_cq1.mp4']
2024-12-29 20:51:37,203 [DEBUG] Creating test file 12_854_cq1.mp4
2024-12-29 20:51:37,477 [DEBUG] ffmpeg command: ['ffmpeg', '-ss', '3144', '-i', 'E:\\Filmy\\hrané\\Komedie\\Alvin a Chipmunkove 2 SD.avi', '-c:v', 'hevc_nvenc', '-preset', 'slow', '-tune', 'uhq', '-g', '120', '-bf', '4', '-refs', '4', '-spatial-aq', '1', '-temporal-aq', '1', '-aq-strength', '8', '-pix_fmt', 'p010le', '-b:v', '0', '-rc-lookahead', '50', '-fps_mode', 'vfr', '-vf', 'hqdn3d,crop=608:336:0:0,scale=854:-2', '-t', '1', '-cq', '1', '-an', '-y', '-sn', 'D:\\Files\\Projects\\AutoCompression\\workspace\\Alvin a Chipmunkove 2 SD_res\\12_854_cq1.mp4']
2024-12-29 20:51:38,054 [DEBUG] Creating test file 12_3840_cq1.mp4
2024-12-29 20:51:38,327 [DEBUG] ffmpeg command: ['ffmpeg', '-ss', '3144', '-i', 'E:\\Filmy\\hrané\\Komedie\\Alvin a Chipmunkove 2 SD.avi', '-c:v', 'hevc_nvenc', '-preset', 'slow', '-tune', 'uhq', '-g', '120', '-bf', '4', '-refs', '4', '-spatial-aq', '1', '-temporal-aq', '1', '-aq-strength', '8', '-pix_fmt', 'p010le', '-b:v', '0', '-rc-lookahead', '50', '-fps_mode', 'vfr', '-vf', 'hqdn3d,crop=608:336:0:0,scale=3840:-2', '-t', '1', '-cq', '1', '-an', '-y', '-sn', 'D:\\Files\\Projects\\AutoCompression\\workspace\\Alvin a Chipmunkove 2 SD_res\\12_3840_cq1.mp4']
2024-12-29 20:51:41,410 [DEBUG] Creating test file 13_854_cq1.mp4
2024-12-29 20:51:41,696 [DEBUG] ffmpeg command: ['ffmpeg', '-ss', '3406', '-i', 'E:\\Filmy\\hrané\\Komedie\\Alvin a Chipmunkove 2 SD.avi', '-c:v', 'hevc_nvenc', '-preset', 'slow', '-tune', 'uhq', '-g', '120', '-bf', '4', '-refs', '4', '-spatial-aq', '1', '-temporal-aq', '1', '-aq-strength', '8', '-pix_fmt', 'p010le', '-b:v', '0', '-rc-lookahead', '50', '-fps_mode', 'vfr', '-vf', 'hqdn3d,crop=608:336:0:0,scale=854:-2', '-t', '1', '-cq', '1', '-an', '-y', '-sn', 'D:\\Files\\Projects\\AutoCompression\\workspace\\Alvin a Chipmunkove 2 SD_res\\13_854_cq1.mp4']
2024-12-29 20:51:42,270 [DEBUG] Creating test file 13_3840_cq1.mp4
2024-12-29 20:51:42,543 [DEBUG] ffmpeg command: ['ffmpeg', '-ss', '3406', '-i', 'E:\\Filmy\\hrané\\Komedie\\Alvin a Chipmunkove 2 SD.avi', '-c:v', 'hevc_nvenc', '-preset', 'slow', '-tune', 'uhq', '-g', '120', '-bf', '4', '-refs', '4', '-spatial-aq', '1', '-temporal-aq', '1', '-aq-strength', '8', '-pix_fmt', 'p010le', '-b:v', '0', '-rc-lookahead', '50', '-fps_mode', 'vfr', '-vf', 'hqdn3d,crop=608:336:0:0,scale=3840:-2', '-t', '1', '-cq', '1', '-an', '-y', '-sn', 'D:\\Files\\Projects\\AutoCompression\\workspace\\Alvin a Chipmunkove 2 SD_res\\13_3840_cq1.mp4']
2024-12-29 20:51:45,575 [DEBUG] Creating test file 14_854_cq1.mp4
2024-12-29 20:51:45,843 [DEBUG] ffmpeg command: ['ffmpeg', '-ss', '3668', '-i', 'E:\\Filmy\\hrané\\Komedie\\Alvin a Chipmunkove 2 SD.avi', '-c:v', 'hevc_nvenc', '-preset', 'slow', '-tune', 'uhq', '-g', '120', '-bf', '4', '-refs', '4', '-spatial-aq', '1', '-temporal-aq', '1', '-aq-strength', '8', '-pix_fmt', 'p010le', '-b:v', '0', '-rc-lookahead', '50', '-fps_mode', 'vfr', '-vf', 'hqdn3d,crop=608:336:0:0,scale=854:-2', '-t', '1', '-cq', '1', '-an', '-y', '-sn', 'D:\\Files\\Projects\\AutoCompression\\workspace\\Alvin a Chipmunkove 2 SD_res\\14_854_cq1.mp4']
2024-12-29 20:51:46,406 [DEBUG] Creating test file 14_3840_cq1.mp4
2024-12-29 20:51:46,678 [DEBUG] ffmpeg command: ['ffmpeg', '-ss', '3668', '-i', 'E:\\Filmy\\hrané\\Komedie\\Alvin a Chipmunkove 2 SD.avi', '-c:v', 'hevc_nvenc', '-preset', 'slow', '-tune', 'uhq', '-g', '120', '-bf', '4', '-refs', '4', '-spatial-aq', '1', '-temporal-aq', '1', '-aq-strength', '8', '-pix_fmt', 'p010le', '-b:v', '0', '-rc-lookahead', '50', '-fps_mode', 'vfr', '-vf', 'hqdn3d,crop=608:336:0:0,scale=3840:-2', '-t', '1', '-cq', '1', '-an', '-y', '-sn', 'D:\\Files\\Projects\\AutoCompression\\workspace\\Alvin a Chipmunkove 2 SD_res\\14_3840_cq1.mp4']
2024-12-29 20:51:49,713 [DEBUG] Creating test file 15_854_cq1.mp4
2024-12-29 20:51:49,975 [DEBUG] ffmpeg command: ['ffmpeg', '-ss', '3930', '-i', 'E:\\Filmy\\hrané\\Komedie\\Alvin a Chipmunkove 2 SD.avi', '-c:v', 'hevc_nvenc', '-preset', 'slow', '-tune', 'uhq', '-g', '120', '-bf', '4', '-refs', '4', '-spatial-aq', '1', '-temporal-aq', '1', '-aq-strength', '8', '-pix_fmt', 'p010le', '-b:v', '0', '-rc-lookahead', '50', '-fps_mode', 'vfr', '-vf', 'hqdn3d,crop=608:336:0:0,scale=854:-2', '-t', '1', '-cq', '1', '-an', '-y', '-sn', 'D:\\Files\\Projects\\AutoCompression\\workspace\\Alvin a Chipmunkove 2 SD_res\\15_854_cq1.mp4']
2024-12-29 20:51:50,545 [DEBUG] Creating test file 15_3840_cq1.mp4
2024-12-29 20:51:50,823 [DEBUG] ffmpeg command: ['ffmpeg', '-ss', '3930', '-i', 'E:\\Filmy\\hrané\\Komedie\\Alvin a Chipmunkove 2 SD.avi', '-c:v', 'hevc_nvenc', '-preset', 'slow', '-tune', 'uhq', '-g', '120', '-bf', '4', '-refs', '4', '-spatial-aq', '1', '-temporal-aq', '1', '-aq-strength', '8', '-pix_fmt', 'p010le', '-b:v', '0', '-rc-lookahead', '50', '-fps_mode', 'vfr', '-vf', 'hqdn3d,crop=608:336:0:0,scale=3840:-2', '-t', '1', '-cq', '1', '-an', '-y', '-sn', 'D:\\Files\\Projects\\AutoCompression\\workspace\\Alvin a Chipmunkove 2 SD_res\\15_3840_cq1.mp4']
2024-12-29 20:51:53,872 [DEBUG] Creating test file 16_854_cq1.mp4
2024-12-29 20:51:54,156 [DEBUG] ffmpeg command: ['ffmpeg', '-ss', '4192', '-i', 'E:\\Filmy\\hrané\\Komedie\\Alvin a Chipmunkove 2 SD.avi', '-c:v', 'hevc_nvenc', '-preset', 'slow', '-tune', 'uhq', '-g', '120', '-bf', '4', '-refs', '4', '-spatial-aq', '1', '-temporal-aq', '1', '-aq-strength', '8', '-pix_fmt', 'p010le', '-b:v', '0', '-rc-lookahead', '50', '-fps_mode', 'vfr', '-vf', 'hqdn3d,crop=608:336:0:0,scale=854:-2', '-t', '1', '-cq', '1', '-an', '-y', '-sn', 'D:\\Files\\Projects\\AutoCompression\\workspace\\Alvin a Chipmunkove 2 SD_res\\16_854_cq1.mp4']
2024-12-29 20:51:54,728 [DEBUG] Creating test file 16_3840_cq1.mp4
2024-12-29 20:51:54,987 [DEBUG] ffmpeg command: ['ffmpeg', '-ss', '4192', '-i', 'E:\\Filmy\\hrané\\Komedie\\Alvin a Chipmunkove 2 SD.avi', '-c:v', 'hevc_nvenc', '-preset', 'slow', '-tune', 'uhq', '-g', '120', '-bf', '4', '-refs', '4', '-spatial-aq', '1', '-temporal-aq', '1', '-aq-strength', '8', '-pix_fmt', 'p010le', '-b:v', '0', '-rc-lookahead', '50', '-fps_mode', 'vfr', '-vf', 'hqdn3d,crop=608:336:0:0,scale=3840:-2', '-t', '1', '-cq', '1', '-an', '-y', '-sn', 'D:\\Files\\Projects\\AutoCompression\\workspace\\Alvin a Chipmunkove 2 SD_res\\16_3840_cq1.mp4']
2024-12-29 20:51:58,084 [DEBUG] Creating test file 17_854_cq1.mp4
2024-12-29 20:51:58,351 [DEBUG] ffmpeg command: ['ffmpeg', '-ss', '4454', '-i', 'E:\\Filmy\\hrané\\Komedie\\Alvin a Chipmunkove 2 SD.avi', '-c:v', 'hevc_nvenc', '-preset', 'slow', '-tune', 'uhq', '-g', '120', '-bf', '4', '-refs', '4', '-spatial-aq', '1', '-temporal-aq', '1', '-aq-strength', '8', '-pix_fmt', 'p010le', '-b:v', '0', '-rc-lookahead', '50', '-fps_mode', 'vfr', '-vf', 'hqdn3d,crop=608:336:0:0,scale=854:-2', '-t', '1', '-cq', '1', '-an', '-y', '-sn', 'D:\\Files\\Projects\\AutoCompression\\workspace\\Alvin a Chipmunkove 2 SD_res\\17_854_cq1.mp4']
2024-12-29 20:51:58,905 [DEBUG] Creating test file 17_3840_cq1.mp4
2024-12-29 20:51:59,170 [DEBUG] ffmpeg command: ['ffmpeg', '-ss', '4454', '-i', 'E:\\Filmy\\hrané\\Komedie\\Alvin a Chipmunkove 2 SD.avi', '-c:v', 'hevc_nvenc', '-preset', 'slow', '-tune', 'uhq', '-g', '120', '-bf', '4', '-refs', '4', '-spatial-aq', '1', '-temporal-aq', '1', '-aq-strength', '8', '-pix_fmt', 'p010le', '-b:v', '0', '-rc-lookahead', '50', '-fps_mode', 'vfr', '-vf', 'hqdn3d,crop=608:336:0:0,scale=3840:-2', '-t', '1', '-cq', '1', '-an', '-y', '-sn', 'D:\\Files\\Projects\\AutoCompression\\workspace\\Alvin a Chipmunkove 2 SD_res\\17_3840_cq1.mp4']
2024-12-29 20:52:02,207 [DEBUG] Creating test file 18_854_cq1.mp4
2024-12-29 20:52:02,485 [DEBUG] ffmpeg command: ['ffmpeg', '-ss', '4716', '-i', 'E:\\Filmy\\hrané\\Komedie\\Alvin a Chipmunkove 2 SD.avi', '-c:v', 'hevc_nvenc', '-preset', 'slow', '-tune', 'uhq', '-g', '120', '-bf', '4', '-refs', '4', '-spatial-aq', '1', '-temporal-aq', '1', '-aq-strength', '8', '-pix_fmt', 'p010le', '-b:v', '0', '-rc-lookahead', '50', '-fps_mode', 'vfr', '-vf', 'hqdn3d,crop=608:336:0:0,scale=854:-2', '-t', '1', '-cq', '1', '-an', '-y', '-sn', 'D:\\Files\\Projects\\AutoCompression\\workspace\\Alvin a Chipmunkove 2 SD_res\\18_854_cq1.mp4']
2024-12-29 20:52:03,094 [DEBUG] Creating test file 18_3840_cq1.mp4
2024-12-29 20:52:03,373 [DEBUG] ffmpeg command: ['ffmpeg', '-ss', '4716', '-i', 'E:\\Filmy\\hrané\\Komedie\\Alvin a Chipmunkove 2 SD.avi', '-c:v', 'hevc_nvenc', '-preset', 'slow', '-tune', 'uhq', '-g', '120', '-bf', '4', '-refs', '4', '-spatial-aq', '1', '-temporal-aq', '1', '-aq-strength', '8', '-pix_fmt', 'p010le', '-b:v', '0', '-rc-lookahead', '50', '-fps_mode', 'vfr', '-vf', 'hqdn3d,crop=608:336:0:0,scale=3840:-2', '-t', '1', '-cq', '1', '-an', '-y', '-sn', 'D:\\Files\\Projects\\AutoCompression\\workspace\\Alvin a Chipmunkove 2 SD_res\\18_3840_cq1.mp4']
2024-12-29 20:52:06,468 [DEBUG] Creating test file 19_854_cq1.mp4
2024-12-29 20:52:06,732 [DEBUG] ffmpeg command: ['ffmpeg', '-ss', '4978', '-i', 'E:\\Filmy\\hrané\\Komedie\\Alvin a Chipmunkove 2 SD.avi', '-c:v', 'hevc_nvenc', '-preset', 'slow', '-tune', 'uhq', '-g', '120', '-bf', '4', '-refs', '4', '-spatial-aq', '1', '-temporal-aq', '1', '-aq-strength', '8', '-pix_fmt', 'p010le', '-b:v', '0', '-rc-lookahead', '50', '-fps_mode', 'vfr', '-vf', 'hqdn3d,crop=608:336:0:0,scale=854:-2', '-t', '1', '-cq', '1', '-an', '-y', '-sn', 'D:\\Files\\Projects\\AutoCompression\\workspace\\Alvin a Chipmunkove 2 SD_res\\19_854_cq1.mp4']
2024-12-29 20:52:07,297 [DEBUG] Creating test file 19_3840_cq1.mp4
2024-12-29 20:52:07,581 [DEBUG] ffmpeg command: ['ffmpeg', '-ss', '4978', '-i', 'E:\\Filmy\\hrané\\Komedie\\Alvin a Chipmunkove 2 SD.avi', '-c:v', 'hevc_nvenc', '-preset', 'slow', '-tune', 'uhq', '-g', '120', '-bf', '4', '-refs', '4', '-spatial-aq', '1', '-temporal-aq', '1', '-aq-strength', '8', '-pix_fmt', 'p010le', '-b:v', '0', '-rc-lookahead', '50', '-fps_mode', 'vfr', '-vf', 'hqdn3d,crop=608:336:0:0,scale=3840:-2', '-t', '1', '-cq', '1', '-an', '-y', '-sn', 'D:\\Files\\Projects\\AutoCompression\\workspace\\Alvin a Chipmunkove 2 SD_res\\19_3840_cq1.mp4']
2024-12-29 20:52:10,619 [DEBUG] Creating test file 20_854_cq1.mp4
2024-12-29 20:52:10,887 [DEBUG] ffmpeg command: ['ffmpeg', '-ss', '5240', '-i', 'E:\\Filmy\\hrané\\Komedie\\Alvin a Chipmunkove 2 SD.avi', '-c:v', 'hevc_nvenc', '-preset', 'slow', '-tune', 'uhq', '-g', '120', '-bf', '4', '-refs', '4', '-spatial-aq', '1', '-temporal-aq', '1', '-aq-strength', '8', '-pix_fmt', 'p010le', '-b:v', '0', '-rc-lookahead', '50', '-fps_mode', 'vfr', '-vf', 'hqdn3d,crop=608:336:0:0,scale=854:-2', '-t', '1', '-cq', '1', '-an', '-y', '-sn', 'D:\\Files\\Projects\\AutoCompression\\workspace\\Alvin a Chipmunkove 2 SD_res\\20_854_cq1.mp4']
2024-12-29 20:52:11,474 [DEBUG] Creating test file 20_3840_cq1.mp4
2024-12-29 20:52:11,745 [DEBUG] ffmpeg command: ['ffmpeg', '-ss', '5240', '-i', 'E:\\Filmy\\hrané\\Komedie\\Alvin a Chipmunkove 2 SD.avi', '-c:v', 'hevc_nvenc', '-preset', 'slow', '-tune', 'uhq', '-g', '120', '-bf', '4', '-refs', '4', '-spatial-aq', '1', '-temporal-aq', '1', '-aq-strength', '8', '-pix_fmt', 'p010le', '-b:v', '0', '-rc-lookahead', '50', '-fps_mode', 'vfr', '-vf', 'hqdn3d,crop=608:336:0:0,scale=3840:-2', '-t', '1', '-cq', '1', '-an', '-y', '-sn', 'D:\\Files\\Projects\\AutoCompression\\workspace\\Alvin a Chipmunkove 2 SD_res\\20_3840_cq1.mp4']
2024-12-29 20:54:37,228 [DEBUG] Processed VQA data:
2024-12-29 20:54:37,228 [DEBUG] {'15': {'3840': 0.16505, '854': 0.774}, '12': {'3840': 0.13161, '854': 0.66969}, '14': {'3840': 0.192195, '854': 0.69945}, '10': {'3840': 0.11739, '854': 0.4782}, '11': {'3840': 0.45782999999999996, '854': 0.844725}, '13': {'3840': 0.20798, '854': 0.756525}, '16': {'3840': 0.126185, '854': 0.583855}, '17': {'3840': 0.226595, '854': 0.791995}, '18': {'3840': 0.16111999999999999, '854': 0.5417799999999999}, '19': {'3840': 0.106645, '854': 0.291025}, '1': {'3840': 0.174085, '854': 0.81548}, '20': {'3840': 0.10243, '854': 0.363015}, '2': {'3840': 0.12340000000000001, '854': 0.56697}, '3': {'3840': 0.23108, '854': 0.762515}, '4': {'3840': 0.09845999999999999, '854': 0.5508}, '5': {'3840': 0.224655, '854': 0.68823}, '6': {'3840': 0.14428, '854': 0.5174650000000001}, '7': {'3840': 0.317525, '854': 0.868825}, '8': {'3840': 0.14285, '854': 0.6716150000000001}, '9': {'3840': 0.11118, '854': 0.503265}}
2024-12-29 20:54:37,228 [DEBUG] regression slope:
2024-12-29 20:54:37,228 [DEBUG] 15: -0.0002039350301406564
2024-12-29 20:54:37,228 [DEBUG] 12: -0.00018020093770931012
2024-12-29 20:54:37,228 [DEBUG] 14: -0.000169877762893503
2024-12-29 20:54:37,228 [DEBUG] 10: -0.00012083389149363698
2024-12-29 20:54:37,228 [DEBUG] 11: -0.00012956965840589418
2024-12-29 20:54:37,228 [DEBUG] 13: -0.0001837056262558607
2024-12-29 20:54:37,228 [DEBUG] 16: -0.00015327193569993303
2024-12-29 20:54:37,228 [DEBUG] 17: -0.00018935030140656398
2024-12-29 20:54:37,228 [DEBUG] 18: -0.0001274815807099799
2024-12-29 20:54:37,228 [DEBUG] 19: -6.174815807099799e-05
2024-12-29 20:54:37,228 [DEBUG] 1: -0.00021480073677160078
2024-12-29 20:54:37,228 [DEBUG] 20: -8.726892163429336e-05
2024-12-29 20:54:37,228 [DEBUG] 2: -0.00014854989953114533
2024-12-29 20:54:37,228 [DEBUG] 3: -0.00017797555257870063
2024-12-29 20:54:37,228 [DEBUG] 4: -0.00015148693904889484
2024-12-29 20:54:37,228 [DEBUG] 5: -0.00015524949765572673
2024-12-29 20:54:37,228 [DEBUG] 6: -0.0001249782317481581
2024-12-29 20:54:37,228 [DEBUG] 7: -0.00018462826523777626
2024-12-29 20:54:37,228 [DEBUG] 8: -0.00017708137977227062
2024-12-29 20:54:37,228 [DEBUG] 9: -0.00013130776959142663
2024-12-29 20:54:37,228 [DEBUG] average:
2024-12-29 20:54:37,228 [DEBUG] [-0.0002039350301406564, -0.00018020093770931012, -0.000169877762893503, -0.00012083389149363698, -0.00012956965840589418, -0.0001837056262558607, -0.00015327193569993303, -0.00018935030140656398, -0.0001274815807099799, -6.174815807099799e-05, -0.00021480073677160078, -8.726892163429336e-05, -0.00014854989953114533, -0.00017797555257870063, -0.00015148693904889484, -0.00015524949765572673, -0.0001249782317481581, -0.00018462826523777626, -0.00017708137977227062, -0.00013130776959142663]
2024-12-29 20:54:37,228 [DEBUG] average slope is: -0.0001301353538736325
2024-12-29 20:54:37,389 [INFO] Original resolution: 608, Target resolution: 608
2024-12-29 20:54:37,529 [DEBUG] Creating reference file 1_reference.mp4
2024-12-29 20:54:37,807 [DEBUG] ffmpeg command: ['ffmpeg', '-ss', '917', '-i', 'E:\\Filmy\\hrané\\Komedie\\Alvin a Chipmunkove 2 SD.avi', '-c:v', 'hevc_nvenc', '-preset', 'slow', '-tune', 'uhq', '-g', '120', '-bf', '4', '-refs', '4', '-spatial-aq', '1', '-temporal-aq', '1', '-aq-strength', '8', '-pix_fmt', 'p010le', '-b:v', '0', '-rc-lookahead', '50', '-fps_mode', 'vfr', '-vf', 'hqdn3d,crop=608:336:0:0,scale=608:-2', '-t', '50', '-cq', '1', '-an', '-y', '-sn', 'D:\\Files\\Projects\\AutoCompression\\workspace\\Alvin a Chipmunkove 2 SD_cq\\1_reference.mp4']
2024-12-29 20:54:41,295 [DEBUG] Creating reference file 2_reference.mp4
2024-12-29 20:54:41,572 [DEBUG] ffmpeg command: ['ffmpeg', '-ss', '1834', '-i', 'E:\\Filmy\\hrané\\Komedie\\Alvin a Chipmunkove 2 SD.avi', '-c:v', 'hevc_nvenc', '-preset', 'slow', '-tune', 'uhq', '-g', '120', '-bf', '4', '-refs', '4', '-spatial-aq', '1', '-temporal-aq', '1', '-aq-strength', '8', '-pix_fmt', 'p010le', '-b:v', '0', '-rc-lookahead', '50', '-fps_mode', 'vfr', '-vf', 'hqdn3d,crop=608:336:0:0,scale=608:-2', '-t', '50', '-cq', '1', '-an', '-y', '-sn', 'D:\\Files\\Projects\\AutoCompression\\workspace\\Alvin a Chipmunkove 2 SD_cq\\2_reference.mp4']
2024-12-29 20:54:44,988 [DEBUG] Creating reference file 3_reference.mp4
2024-12-29 20:54:45,267 [DEBUG] ffmpeg command: ['ffmpeg', '-ss', '2751', '-i', 'E:\\Filmy\\hrané\\Komedie\\Alvin a Chipmunkove 2 SD.avi', '-c:v', 'hevc_nvenc', '-preset', 'slow', '-tune', 'uhq', '-g', '120', '-bf', '4', '-refs', '4', '-spatial-aq', '1', '-temporal-aq', '1', '-aq-strength', '8', '-pix_fmt', 'p010le', '-b:v', '0', '-rc-lookahead', '50', '-fps_mode', 'vfr', '-vf', 'hqdn3d,crop=608:336:0:0,scale=608:-2', '-t', '50', '-cq', '1', '-an', '-y', '-sn', 'D:\\Files\\Projects\\AutoCompression\\workspace\\Alvin a Chipmunkove 2 SD_cq\\3_reference.mp4']
2024-12-29 20:54:48,608 [DEBUG] Creating reference file 4_reference.mp4
2024-12-29 20:54:48,878 [DEBUG] ffmpeg command: ['ffmpeg', '-ss', '3668', '-i', 'E:\\Filmy\\hrané\\Komedie\\Alvin a Chipmunkove 2 SD.avi', '-c:v', 'hevc_nvenc', '-preset', 'slow', '-tune', 'uhq', '-g', '120', '-bf', '4', '-refs', '4', '-spatial-aq', '1', '-temporal-aq', '1', '-aq-strength', '8', '-pix_fmt', 'p010le', '-b:v', '0', '-rc-lookahead', '50', '-fps_mode', 'vfr', '-vf', 'hqdn3d,crop=608:336:0:0,scale=608:-2', '-t', '50', '-cq', '1', '-an', '-y', '-sn', 'D:\\Files\\Projects\\AutoCompression\\workspace\\Alvin a Chipmunkove 2 SD_cq\\4_reference.mp4']
2024-12-29 20:54:52,211 [DEBUG] Creating reference file 5_reference.mp4
2024-12-29 20:54:52,463 [DEBUG] ffmpeg command: ['ffmpeg', '-ss', '4585', '-i', 'E:\\Filmy\\hrané\\Komedie\\Alvin a Chipmunkove 2 SD.avi', '-c:v', 'hevc_nvenc', '-preset', 'slow', '-tune', 'uhq', '-g', '120', '-bf', '4', '-refs', '4', '-spatial-aq', '1', '-temporal-aq', '1', '-aq-strength', '8', '-pix_fmt', 'p010le', '-b:v', '0', '-rc-lookahead', '50', '-fps_mode', 'vfr', '-vf', 'hqdn3d,crop=608:336:0:0,scale=608:-2', '-t', '50', '-cq', '1', '-an', '-y', '-sn', 'D:\\Files\\Projects\\AutoCompression\\workspace\\Alvin a Chipmunkove 2 SD_cq\\5_reference.mp4']
2024-12-29 20:54:55,751 [DEBUG] Getting VMAF result for: 1_15.mp4
2024-12-29 20:54:56,022 [DEBUG] ffmpeg command: ['ffmpeg', '-ss', '917', '-i', 'E:\\Filmy\\hrané\\Komedie\\Alvin a Chipmunkove 2 SD.avi', '-c:v', 'hevc_nvenc', '-preset', 'slow', '-tune', 'uhq', '-g', '120', '-bf', '4', '-refs', '4', '-spatial-aq', '1', '-temporal-aq', '1', '-aq-strength', '8', '-pix_fmt', 'p010le', '-b:v', '0', '-rc-lookahead', '50', '-fps_mode', 'vfr', '-vf', 'hqdn3d,crop=608:336:0:0,scale=608:-2', '-t', '50', '-cq', '15', '-an', '-y', '-sn', 'D:\\Files\\Projects\\AutoCompression\\workspace\\Alvin a Chipmunkove 2 SD_cq\\1_15.mp4']
2024-12-29 20:54:59,297 [DEBUG] ffmpeg vmaf command: ['ffmpeg', '-i', 'D:\\Files\\Projects\\AutoCompression\\workspace\\Alvin a Chipmunkove 2 SD_cq\\1_reference.mp4', '-i', 'D:\\Files\\Projects\\AutoCompression\\workspace\\Alvin a Chipmunkove 2 SD_cq\\1_15.mp4', '-lavfi', 'libvmaf=n_threads=6:log_path=VMAFlog.json', '-f', 'null', '-']
2024-12-29 20:55:01,681 [DEBUG] VMAF calculation completed successfully
2024-12-29 20:55:01,688 [DEBUG] 99.186916
2024-12-29 20:55:01,689 [DEBUG] Getting VMAF result for: 2_15.mp4
2024-12-29 20:55:01,955 [DEBUG] ffmpeg command: ['ffmpeg', '-ss', '1834', '-i', 'E:\\Filmy\\hrané\\Komedie\\Alvin a Chipmunkove 2 SD.avi', '-c:v', 'hevc_nvenc', '-preset', 'slow', '-tune', 'uhq', '-g', '120', '-bf', '4', '-refs', '4', '-spatial-aq', '1', '-temporal-aq', '1', '-aq-strength', '8', '-pix_fmt', 'p010le', '-b:v', '0', '-rc-lookahead', '50', '-fps_mode', 'vfr', '-vf', 'hqdn3d,crop=608:336:0:0,scale=608:-2', '-t', '50', '-cq', '15', '-an', '-y', '-sn', 'D:\\Files\\Projects\\AutoCompression\\workspace\\Alvin a Chipmunkove 2 SD_cq\\2_15.mp4']
2024-12-29 20:55:05,273 [DEBUG] ffmpeg vmaf command: ['ffmpeg', '-i', 'D:\\Files\\Projects\\AutoCompression\\workspace\\Alvin a Chipmunkove 2 SD_cq\\2_reference.mp4', '-i', 'D:\\Files\\Projects\\AutoCompression\\workspace\\Alvin a Chipmunkove 2 SD_cq\\2_15.mp4', '-lavfi', 'libvmaf=n_threads=6:log_path=VMAFlog.json', '-f', 'null', '-']
2024-12-29 20:55:07,582 [DEBUG] VMAF calculation completed successfully
2024-12-29 20:55:07,589 [DEBUG] 98.264037
2024-12-29 20:55:07,589 [DEBUG] Getting VMAF result for: 3_15.mp4
2024-12-29 20:55:07,888 [DEBUG] ffmpeg command: ['ffmpeg', '-ss', '2751', '-i', 'E:\\Filmy\\hrané\\Komedie\\Alvin a Chipmunkove 2 SD.avi', '-c:v', 'hevc_nvenc', '-preset', 'slow', '-tune', 'uhq', '-g', '120', '-bf', '4', '-refs', '4', '-spatial-aq', '1', '-temporal-aq', '1', '-aq-strength', '8', '-pix_fmt', 'p010le', '-b:v', '0', '-rc-lookahead', '50', '-fps_mode', 'vfr', '-vf', 'hqdn3d,crop=608:336:0:0,scale=608:-2', '-t', '50', '-cq', '15', '-an', '-y', '-sn', 'D:\\Files\\Projects\\AutoCompression\\workspace\\Alvin a Chipmunkove 2 SD_cq\\3_15.mp4']
2024-12-29 20:55:11,201 [DEBUG] ffmpeg vmaf command: ['ffmpeg', '-i', 'D:\\Files\\Projects\\AutoCompression\\workspace\\Alvin a Chipmunkove 2 SD_cq\\3_reference.mp4', '-i', 'D:\\Files\\Projects\\AutoCompression\\workspace\\Alvin a Chipmunkove 2 SD_cq\\3_15.mp4', '-lavfi', 'libvmaf=n_threads=6:log_path=VMAFlog.json', '-f', 'null', '-']
2024-12-29 20:55:13,541 [DEBUG] VMAF calculation completed successfully
2024-12-29 20:55:13,548 [DEBUG] 98.463109
2024-12-29 20:55:13,548 [DEBUG] Getting VMAF result for: 4_15.mp4
2024-12-29 20:55:13,843 [DEBUG] ffmpeg command: ['ffmpeg', '-ss', '3668', '-i', 'E:\\Filmy\\hrané\\Komedie\\Alvin a Chipmunkove 2 SD.avi', '-c:v', 'hevc_nvenc', '-preset', 'slow', '-tune', 'uhq', '-g', '120', '-bf', '4', '-refs', '4', '-spatial-aq', '1', '-temporal-aq', '1', '-aq-strength', '8', '-pix_fmt', 'p010le', '-b:v', '0', '-rc-lookahead', '50', '-fps_mode', 'vfr', '-vf', 'hqdn3d,crop=608:336:0:0,scale=608:-2', '-t', '50', '-cq', '15', '-an', '-y', '-sn', 'D:\\Files\\Projects\\AutoCompression\\workspace\\Alvin a Chipmunkove 2 SD_cq\\4_15.mp4']
2024-12-29 20:55:17,215 [DEBUG] ffmpeg vmaf command: ['ffmpeg', '-i', 'D:\\Files\\Projects\\AutoCompression\\workspace\\Alvin a Chipmunkove 2 SD_cq\\4_reference.mp4', '-i', 'D:\\Files\\Projects\\AutoCompression\\workspace\\Alvin a Chipmunkove 2 SD_cq\\4_15.mp4', '-lavfi', 'libvmaf=n_threads=6:log_path=VMAFlog.json', '-f', 'null', '-']
2024-12-29 20:55:19,519 [DEBUG] VMAF calculation completed successfully
2024-12-29 20:55:19,526 [DEBUG] 98.33803
2024-12-29 20:55:19,526 [DEBUG] Getting VMAF result for: 5_15.mp4
2024-12-29 20:55:19,828 [DEBUG] ffmpeg command: ['ffmpeg', '-ss', '4585', '-i', 'E:\\Filmy\\hrané\\Komedie\\Alvin a Chipmunkove 2 SD.avi', '-c:v', 'hevc_nvenc', '-preset', 'slow', '-tune', 'uhq', '-g', '120', '-bf', '4', '-refs', '4', '-spatial-aq', '1', '-temporal-aq', '1', '-aq-strength', '8', '-pix_fmt', 'p010le', '-b:v', '0', '-rc-lookahead', '50', '-fps_mode', 'vfr', '-vf', 'hqdn3d,crop=608:336:0:0,scale=608:-2', '-t', '50', '-cq', '15', '-an', '-y', '-sn', 'D:\\Files\\Projects\\AutoCompression\\workspace\\Alvin a Chipmunkove 2 SD_cq\\5_15.mp4']
2024-12-29 20:55:23,168 [DEBUG] ffmpeg vmaf command: ['ffmpeg', '-i', 'D:\\Files\\Projects\\AutoCompression\\workspace\\Alvin a Chipmunkove 2 SD_cq\\5_reference.mp4', '-i', 'D:\\Files\\Projects\\AutoCompression\\workspace\\Alvin a Chipmunkove 2 SD_cq\\5_15.mp4', '-lavfi', 'libvmaf=n_threads=6:log_path=VMAFlog.json', '-f', 'null', '-']
2024-12-29 20:55:25,572 [DEBUG] VMAF calculation completed successfully
2024-12-29 20:55:25,579 [DEBUG] 99.453146
2024-12-29 20:55:25,579 [DEBUG] Getting VMAF result for: 1_27.mp4
2024-12-29 20:55:25,865 [DEBUG] ffmpeg command: ['ffmpeg', '-ss', '917', '-i', 'E:\\Filmy\\hrané\\Komedie\\Alvin a Chipmunkove 2 SD.avi', '-c:v', 'hevc_nvenc', '-preset', 'slow', '-tune', 'uhq', '-g', '120', '-bf', '4', '-refs', '4', '-spatial-aq', '1', '-temporal-aq', '1', '-aq-strength', '8', '-pix_fmt', 'p010le', '-b:v', '0', '-rc-lookahead', '50', '-fps_mode', 'vfr', '-vf', 'hqdn3d,crop=608:336:0:0,scale=608:-2', '-t', '50', '-cq', '27', '-an', '-y', '-sn', 'D:\\Files\\Projects\\AutoCompression\\workspace\\Alvin a Chipmunkove 2 SD_cq\\1_27.mp4']
2024-12-29 20:55:29,191 [DEBUG] ffmpeg vmaf command: ['ffmpeg', '-i', 'D:\\Files\\Projects\\AutoCompression\\workspace\\Alvin a Chipmunkove 2 SD_cq\\1_reference.mp4', '-i', 'D:\\Files\\Projects\\AutoCompression\\workspace\\Alvin a Chipmunkove 2 SD_cq\\1_27.mp4', '-lavfi', 'libvmaf=n_threads=6:log_path=VMAFlog.json', '-f', 'null', '-']
2024-12-29 20:55:31,386 [DEBUG] VMAF calculation completed successfully
2024-12-29 20:55:31,393 [DEBUG] 97.775245
2024-12-29 20:55:31,393 [DEBUG] Getting VMAF result for: 2_27.mp4
2024-12-29 20:55:31,679 [DEBUG] ffmpeg command: ['ffmpeg', '-ss', '1834', '-i', 'E:\\Filmy\\hrané\\Komedie\\Alvin a Chipmunkove 2 SD.avi', '-c:v', 'hevc_nvenc', '-preset', 'slow', '-tune', 'uhq', '-g', '120', '-bf', '4', '-refs', '4', '-spatial-aq', '1', '-temporal-aq', '1', '-aq-strength', '8', '-pix_fmt', 'p010le', '-b:v', '0', '-rc-lookahead', '50', '-fps_mode', 'vfr', '-vf', 'hqdn3d,crop=608:336:0:0,scale=608:-2', '-t', '50', '-cq', '27', '-an', '-y', '-sn', 'D:\\Files\\Projects\\AutoCompression\\workspace\\Alvin a Chipmunkove 2 SD_cq\\2_27.mp4']
2024-12-29 20:55:35,030 [DEBUG] ffmpeg vmaf command: ['ffmpeg', '-i', 'D:\\Files\\Projects\\AutoCompression\\workspace\\Alvin a Chipmunkove 2 SD_cq\\2_reference.mp4', '-i', 'D:\\Files\\Projects\\AutoCompression\\workspace\\Alvin a Chipmunkove 2 SD_cq\\2_27.mp4', '-lavfi', 'libvmaf=n_threads=6:log_path=VMAFlog.json', '-f', 'null', '-']
2024-12-29 20:55:37,184 [DEBUG] VMAF calculation completed successfully
2024-12-29 20:55:37,191 [DEBUG] 97.487038
2024-12-29 20:55:37,191 [DEBUG] Getting VMAF result for: 3_27.mp4
2024-12-29 20:55:37,476 [DEBUG] ffmpeg command: ['ffmpeg', '-ss', '2751', '-i', 'E:\\Filmy\\hrané\\Komedie\\Alvin a Chipmunkove 2 SD.avi', '-c:v', 'hevc_nvenc', '-preset', 'slow', '-tune', 'uhq', '-g', '120', '-bf', '4', '-refs', '4', '-spatial-aq', '1', '-temporal-aq', '1', '-aq-strength', '8', '-pix_fmt', 'p010le', '-b:v', '0', '-rc-lookahead', '50', '-fps_mode', 'vfr', '-vf', 'hqdn3d,crop=608:336:0:0,scale=608:-2', '-t', '50', '-cq', '27', '-an', '-y', '-sn', 'D:\\Files\\Projects\\AutoCompression\\workspace\\Alvin a Chipmunkove 2 SD_cq\\3_27.mp4']
2024-12-29 20:55:40,764 [DEBUG] ffmpeg vmaf command: ['ffmpeg', '-i', 'D:\\Files\\Projects\\AutoCompression\\workspace\\Alvin a Chipmunkove 2 SD_cq\\3_reference.mp4', '-i', 'D:\\Files\\Projects\\AutoCompression\\workspace\\Alvin a Chipmunkove 2 SD_cq\\3_27.mp4', '-lavfi', 'libvmaf=n_threads=6:log_path=VMAFlog.json', '-f', 'null', '-']
2024-12-29 20:55:42,951 [DEBUG] VMAF calculation completed successfully
2024-12-29 20:55:42,958 [DEBUG] 97.088018
2024-12-29 20:55:42,958 [DEBUG] Getting VMAF result for: 4_27.mp4
2024-12-29 20:55:43,239 [DEBUG] ffmpeg command: ['ffmpeg', '-ss', '3668', '-i', 'E:\\Filmy\\hrané\\Komedie\\Alvin a Chipmunkove 2 SD.avi', '-c:v', 'hevc_nvenc', '-preset', 'slow', '-tune', 'uhq', '-g', '120', '-bf', '4', '-refs', '4', '-spatial-aq', '1', '-temporal-aq', '1', '-aq-strength', '8', '-pix_fmt', 'p010le', '-b:v', '0', '-rc-lookahead', '50', '-fps_mode', 'vfr', '-vf', 'hqdn3d,crop=608:336:0:0,scale=608:-2', '-t', '50', '-cq', '27', '-an', '-y', '-sn', 'D:\\Files\\Projects\\AutoCompression\\workspace\\Alvin a Chipmunkove 2 SD_cq\\4_27.mp4']
2024-12-29 20:55:46,521 [DEBUG] ffmpeg vmaf command: ['ffmpeg', '-i', 'D:\\Files\\Projects\\AutoCompression\\workspace\\Alvin a Chipmunkove 2 SD_cq\\4_reference.mp4', '-i', 'D:\\Files\\Projects\\AutoCompression\\workspace\\Alvin a Chipmunkove 2 SD_cq\\4_27.mp4', '-lavfi', 'libvmaf=n_threads=6:log_path=VMAFlog.json', '-f', 'null', '-']
2024-12-29 20:55:48,687 [DEBUG] VMAF calculation completed successfully
2024-12-29 20:55:48,693 [DEBUG] 97.472519
2024-12-29 20:55:48,693 [DEBUG] Getting VMAF result for: 5_27.mp4
2024-12-29 20:55:48,977 [DEBUG] ffmpeg command: ['ffmpeg', '-ss', '4585', '-i', 'E:\\Filmy\\hrané\\Komedie\\Alvin a Chipmunkove 2 SD.avi', '-c:v', 'hevc_nvenc', '-preset', 'slow', '-tune', 'uhq', '-g', '120', '-bf', '4', '-refs', '4', '-spatial-aq', '1', '-temporal-aq', '1', '-aq-strength', '8', '-pix_fmt', 'p010le', '-b:v', '0', '-rc-lookahead', '50', '-fps_mode', 'vfr', '-vf', 'hqdn3d,crop=608:336:0:0,scale=608:-2', '-t', '50', '-cq', '27', '-an', '-y', '-sn', 'D:\\Files\\Projects\\AutoCompression\\workspace\\Alvin a Chipmunkove 2 SD_cq\\5_27.mp4']
2024-12-29 20:55:52,281 [DEBUG] ffmpeg vmaf command: ['ffmpeg', '-i', 'D:\\Files\\Projects\\AutoCompression\\workspace\\Alvin a Chipmunkove 2 SD_cq\\5_reference.mp4', '-i', 'D:\\Files\\Projects\\AutoCompression\\workspace\\Alvin a Chipmunkove 2 SD_cq\\5_27.mp4', '-lavfi', 'libvmaf=n_threads=6:log_path=VMAFlog.json', '-f', 'null', '-']
2024-12-29 20:55:54,512 [DEBUG] VMAF calculation completed successfully
2024-12-29 20:55:54,518 [DEBUG] 96.936526
2024-12-29 20:55:54,518 [DEBUG] Getting VMAF result for: 1_36.mp4
2024-12-29 20:55:54,804 [DEBUG] ffmpeg command: ['ffmpeg', '-ss', '917', '-i', 'E:\\Filmy\\hrané\\Komedie\\Alvin a Chipmunkove 2 SD.avi', '-c:v', 'hevc_nvenc', '-preset', 'slow', '-tune', 'uhq', '-g', '120', '-bf', '4', '-refs', '4', '-spatial-aq', '1', '-temporal-aq', '1', '-aq-strength', '8', '-pix_fmt', 'p010le', '-b:v', '0', '-rc-lookahead', '50', '-fps_mode', 'vfr', '-vf', 'hqdn3d,crop=608:336:0:0,scale=608:-2', '-t', '50', '-cq', '36', '-an', '-y', '-sn', 'D:\\Files\\Projects\\AutoCompression\\workspace\\Alvin a Chipmunkove 2 SD_cq\\1_36.mp4']
2024-12-29 20:55:58,092 [DEBUG] ffmpeg vmaf command: ['ffmpeg', '-i', 'D:\\Files\\Projects\\AutoCompression\\workspace\\Alvin a Chipmunkove 2 SD_cq\\1_reference.mp4', '-i', 'D:\\Files\\Projects\\AutoCompression\\workspace\\Alvin a Chipmunkove 2 SD_cq\\1_36.mp4', '-lavfi', 'libvmaf=n_threads=6:log_path=VMAFlog.json', '-f', 'null', '-']
2024-12-29 20:56:00,288 [DEBUG] VMAF calculation completed successfully
2024-12-29 20:56:00,295 [DEBUG] 91.329127
2024-12-29 20:56:00,295 [DEBUG] Getting VMAF result for: 2_36.mp4
2024-12-29 20:56:00,567 [DEBUG] ffmpeg command: ['ffmpeg', '-ss', '1834', '-i', 'E:\\Filmy\\hrané\\Komedie\\Alvin a Chipmunkove 2 SD.avi', '-c:v', 'hevc_nvenc', '-preset', 'slow', '-tune', 'uhq', '-g', '120', '-bf', '4', '-refs', '4', '-spatial-aq', '1', '-temporal-aq', '1', '-aq-strength', '8', '-pix_fmt', 'p010le', '-b:v', '0', '-rc-lookahead', '50', '-fps_mode', 'vfr', '-vf', 'hqdn3d,crop=608:336:0:0,scale=608:-2', '-t', '50', '-cq', '36', '-an', '-y', '-sn', 'D:\\Files\\Projects\\AutoCompression\\workspace\\Alvin a Chipmunkove 2 SD_cq\\2_36.mp4']
2024-12-29 20:56:03,959 [DEBUG] ffmpeg vmaf command: ['ffmpeg', '-i', 'D:\\Files\\Projects\\AutoCompression\\workspace\\Alvin a Chipmunkove 2 SD_cq\\2_reference.mp4', '-i', 'D:\\Files\\Projects\\AutoCompression\\workspace\\Alvin a Chipmunkove 2 SD_cq\\2_36.mp4', '-lavfi', 'libvmaf=n_threads=6:log_path=VMAFlog.json', '-f', 'null', '-']
2024-12-29 20:56:06,150 [DEBUG] VMAF calculation completed successfully
2024-12-29 20:56:06,157 [DEBUG] 94.220618
2024-12-29 20:56:06,157 [DEBUG] Getting VMAF result for: 3_36.mp4
2024-12-29 20:56:06,440 [DEBUG] ffmpeg command: ['ffmpeg', '-ss', '2751', '-i', 'E:\\Filmy\\hrané\\Komedie\\Alvin a Chipmunkove 2 SD.avi', '-c:v', 'hevc_nvenc', '-preset', 'slow', '-tune', 'uhq', '-g', '120', '-bf', '4', '-refs', '4', '-spatial-aq', '1', '-temporal-aq', '1', '-aq-strength', '8', '-pix_fmt', 'p010le', '-b:v', '0', '-rc-lookahead', '50', '-fps_mode', 'vfr', '-vf', 'hqdn3d,crop=608:336:0:0,scale=608:-2', '-t', '50', '-cq', '36', '-an', '-y', '-sn', 'D:\\Files\\Projects\\AutoCompression\\workspace\\Alvin a Chipmunkove 2 SD_cq\\3_36.mp4']
2024-12-29 20:56:09,729 [DEBUG] ffmpeg vmaf command: ['ffmpeg', '-i', 'D:\\Files\\Projects\\AutoCompression\\workspace\\Alvin a Chipmunkove 2 SD_cq\\3_reference.mp4', '-i', 'D:\\Files\\Projects\\AutoCompression\\workspace\\Alvin a Chipmunkove 2 SD_cq\\3_36.mp4', '-lavfi', 'libvmaf=n_threads=6:log_path=VMAFlog.json', '-f', 'null', '-']
2024-12-29 20:56:11,996 [DEBUG] VMAF calculation completed successfully
2024-12-29 20:56:12,003 [DEBUG] 92.951294
2024-12-29 20:56:12,003 [DEBUG] Getting VMAF result for: 4_36.mp4
2024-12-29 20:56:12,267 [DEBUG] ffmpeg command: ['ffmpeg', '-ss', '3668', '-i', 'E:\\Filmy\\hrané\\Komedie\\Alvin a Chipmunkove 2 SD.avi', '-c:v', 'hevc_nvenc', '-preset', 'slow', '-tune', 'uhq', '-g', '120', '-bf', '4', '-refs', '4', '-spatial-aq', '1', '-temporal-aq', '1', '-aq-strength', '8', '-pix_fmt', 'p010le', '-b:v', '0', '-rc-lookahead', '50', '-fps_mode', 'vfr', '-vf', 'hqdn3d,crop=608:336:0:0,scale=608:-2', '-t', '50', '-cq', '36', '-an', '-y', '-sn', 'D:\\Files\\Projects\\AutoCompression\\workspace\\Alvin a Chipmunkove 2 SD_cq\\4_36.mp4']
2024-12-29 20:56:15,566 [DEBUG] ffmpeg vmaf command: ['ffmpeg', '-i', 'D:\\Files\\Projects\\AutoCompression\\workspace\\Alvin a Chipmunkove 2 SD_cq\\4_reference.mp4', '-i', 'D:\\Files\\Projects\\AutoCompression\\workspace\\Alvin a Chipmunkove 2 SD_cq\\4_36.mp4', '-lavfi', 'libvmaf=n_threads=6:log_path=VMAFlog.json', '-f', 'null', '-']
2024-12-29 20:56:17,777 [DEBUG] VMAF calculation completed successfully
2024-12-29 20:56:17,784 [DEBUG] 93.594039
2024-12-29 20:56:17,784 [DEBUG] Getting VMAF result for: 5_36.mp4
2024-12-29 20:56:18,068 [DEBUG] ffmpeg command: ['ffmpeg', '-ss', '4585', '-i', 'E:\\Filmy\\hrané\\Komedie\\Alvin a Chipmunkove 2 SD.avi', '-c:v', 'hevc_nvenc', '-preset', 'slow', '-tune', 'uhq', '-g', '120', '-bf', '4', '-refs', '4', '-spatial-aq', '1', '-temporal-aq', '1', '-aq-strength', '8', '-pix_fmt', 'p010le', '-b:v', '0', '-rc-lookahead', '50', '-fps_mode', 'vfr', '-vf', 'hqdn3d,crop=608:336:0:0,scale=608:-2', '-t', '50', '-cq', '36', '-an', '-y', '-sn', 'D:\\Files\\Projects\\AutoCompression\\workspace\\Alvin a Chipmunkove 2 SD_cq\\5_36.mp4']
2024-12-29 20:56:21,376 [DEBUG] ffmpeg vmaf command: ['ffmpeg', '-i', 'D:\\Files\\Projects\\AutoCompression\\workspace\\Alvin a Chipmunkove 2 SD_cq\\5_reference.mp4', '-i', 'D:\\Files\\Projects\\AutoCompression\\workspace\\Alvin a Chipmunkove 2 SD_cq\\5_36.mp4', '-lavfi', 'libvmaf=n_threads=6:log_path=VMAFlog.json', '-f', 'null', '-']
2024-12-29 20:56:23,612 [DEBUG] VMAF calculation completed successfully
2024-12-29 20:56:23,619 [DEBUG] 85.382765
2024-12-29 20:56:23,619 [DEBUG] Getting VMAF result for: 1_18.mp4
2024-12-29 20:56:23,888 [DEBUG] ffmpeg command: ['ffmpeg', '-ss', '917', '-i', 'E:\\Filmy\\hrané\\Komedie\\Alvin a Chipmunkove 2 SD.avi', '-c:v', 'hevc_nvenc', '-preset', 'slow', '-tune', 'uhq', '-g', '120', '-bf', '4', '-refs', '4', '-spatial-aq', '1', '-temporal-aq', '1', '-aq-strength', '8', '-pix_fmt', 'p010le', '-b:v', '0', '-rc-lookahead', '50', '-fps_mode', 'vfr', '-vf', 'hqdn3d,crop=608:336:0:0,scale=608:-2', '-t', '50', '-cq', '18', '-an', '-y', '-sn', 'D:\\Files\\Projects\\AutoCompression\\workspace\\Alvin a Chipmunkove 2 SD_cq\\1_18.mp4']
2024-12-29 20:56:27,215 [DEBUG] ffmpeg vmaf command: ['ffmpeg', '-i', 'D:\\Files\\Projects\\AutoCompression\\workspace\\Alvin a Chipmunkove 2 SD_cq\\1_reference.mp4', '-i', 'D:\\Files\\Projects\\AutoCompression\\workspace\\Alvin a Chipmunkove 2 SD_cq\\1_18.mp4', '-lavfi', 'libvmaf=n_threads=6:log_path=VMAFlog.json', '-f', 'null', '-']
2024-12-29 20:56:29,562 [DEBUG] VMAF calculation completed successfully
2024-12-29 20:56:29,568 [DEBUG] 99.027767
2024-12-29 20:56:29,584 [DEBUG] CQ polynomial: 0.027535122895622904, -1.0429076121212122, 9.668083357575748
2024-12-29 20:56:29,584 [DEBUG] CQ discriminant: 0.08558891395849
2024-12-29 20:56:29,584 [DEBUG] CQ polynomial: 0.015166653198653155, -0.5681867020201996, 4.8909115151514895
2024-12-29 20:56:29,584 [DEBUG] CQ discriminant: 0.060701062543112805
2024-12-29 20:56:29,584 [DEBUG] CQ polynomial: 0.017213212121212122, -0.6050775181818183, 5.025720436363636
2024-12-29 20:56:29,584 [DEBUG] CQ discriminant: 0.059329758913280295
2024-12-29 20:56:29,584 [DEBUG] CQ polynomial: 0.017835277777777825, -0.6738108444444463, 5.924400266666681
2024-12-29 20:56:29,585 [DEBUG] CQ discriminant: 0.07203218973330616
2024-12-29 20:56:29,585 [DEBUG] CQ polynomial: 0.049162734006733974, -1.8634395898989884, 17.339425824242408
2024-12-29 20:56:29,585 [DEBUG] CQ discriminant: 0.1746838202313694
2024-12-29 20:56:29,585 [DEBUG] calculated CQs:
2024-12-29 20:56:29,585 [DEBUG] [np.float64(23.20244765983606), np.float64(24.25018126270467), np.float64(24.651253943321095), np.float64(26.413913727831723), np.float64(26.85373455835745)]
2024-12-29 20:56:29,585 [DEBUG] Filtered CQs
2024-12-29 20:56:29,585 [DEBUG] [np.float64(23.20244765983606), np.float64(24.25018126270467), np.float64(24.651253943321095)]
2024-12-29 20:56:29,585 [INFO] Video has calculated CQ of 24.0
2024-12-29 20:56:32,954 [DEBUG] Audio extracted to: D:\Files\Projects\AutoCompression\workspace\Alvin a Chipmunkove 2 SD_channels\Alvin a Chipmunkove 2 SD.wav
2024-12-29 20:56:33,625 [DEBUG] The audio file has 2 channels. Comparing channels using MSE:
2024-12-29 20:56:34,556 [DEBUG] MSE between channel 1 and channel 2: 0.00037116094403953463
2024-12-29 20:56:34,557 [DEBUG] [True, False]
2024-12-29 20:56:34,557 [INFO] There are at least 1 uniqe channels:
2024-12-29 20:56:34,557 [INFO] [1]
2024-12-29 20:56:34,913 [DEBUG] ffmpeg command: ['ffmpeg', '-i', 'E:\\Filmy\\hrané\\Komedie\\Alvin a Chipmunkove 2 SD.avi', '-c:v', 'hevc_nvenc', '-preset', 'slow', '-tune', 'uhq', '-g', '120', '-bf', '4', '-refs', '4', '-spatial-aq', '1', '-temporal-aq', '1', '-aq-strength', '8', '-pix_fmt', 'p010le', '-b:v', '0', '-rc-lookahead', '50', '-fps_mode', 'vfr', '-vf', 'hqdn3d,crop=608:336:0:0,scale=608:-2', '-c:a', 'libfdk_aac', '-profile:a', 'aac_he', '-vbr', '3', '-ac', '2', '-cq', '24.0', '-y', 'D:\\Files\\Projects\\AutoCompression\\workspace\\Alvin a Chipmunkove 2 SD.mkv']
2024-12-29 21:01:53,753 [INFO] Conversion finished succesfully
2024-12-29 21:01:53,753 [INFO] Output file is 0.6111996760591865GB
2024-12-29 21:01:53,753 [INFO] Output file is 1.1183054345161907x size of original
